<?xml version="1.0" encoding="UTF-8"?>
<!-- Generated by org.testng.reporters.JUnitReportReporter -->
<testsuite skipped="0" hostname="Acer695" name="testPackages.TestClass" tests="1" failures="0" timestamp="2019-10-24T22:18:43 NPT" time="139.598" errors="0">
  <testcase name="SmokeTesting" time="139.598" classname="testPackages.TestClass"/>
</testsuite> <!-- testPackages.TestClass -->
